MPASM  5.51                   16F628ATMPO.ASM   11-12-2018  1:02:10         PAGE  1


LOC  OBJECT CODE     LINE SOURCE TEXT
  VALUE

                      00001 ;**********************************************************************
                      00002 ;   This file is a basic code template for object module code         *
                      00003 ;   generation on the PIC16F628A. This file contains the              *
                      00004 ;   basic code building blocks to build upon.                         *
                      00005 ;                                                                     *
                      00006 ;   Refer to the MPASM User's Guide for additional information on     *
                      00007 ;   features of the assembler and linker (Document DS33014).          *
                      00008 ;                                                                     *
                      00009 ;   Refer to the respective PIC data sheet for additional             *
                      00010 ;   information on the instruction set.                               *
                      00011 ;                                                                     *
                      00012 ;**********************************************************************
                      00013 ;                                                                     *
                      00014 ;    Filename:        xxx.asm                                         *
                      00015 ;    Date:                                                            *
                      00016 ;    File Version:                                                    *
                      00017 ;                                                                     *
                      00018 ;    Author:                                                          *
                      00019 ;    Company:                                                         *
                      00020 ;                                                                     *
                      00021 ;                                                                     *
                      00022 ;**********************************************************************
                      00023 ;                                                                     *
                      00024 ;    Files required: P16F628A.INC                                     *
                      00025 ;                                                                     *
                      00026 ;**********************************************************************
                      00027 ;                                                                     *
                      00028 ;    Notes:                                                           *
                      00029 ;                                                                     *
                      00030 ;**********************************************************************
                      00031 
                      00032     list      p=16F628A           ; list directive to define processor
                      00033     #include <p16F628A.inc>       ; processor specific variable definitions
                      00001         LIST
                      00002 
                      00003 ;==========================================================================
                      00004 ;  MPASM PIC16F628A processor include
                      00005 ; 
                      00006 ;  (c) Copyright 1999-2013 Microchip Technology, All rights reserved
                      00007 ;==========================================================================
                      00008 
                      00385         LIST
                      00034 
                      00035     errorlevel  -302              ; suppress message 302 from list file
                      00036 
2007   3F10           00037     __CONFIG   _CP_OFF & _DATA_CP_OFF & _LVP_OFF & _BOREN_OFF & _MCLRE_OFF & _WDT_OFF & _PWRTE_ON & _INT
                            OSC_OSC_NOCLKOUT 
                      00038 
                      00039 ; '__CONFIG' directive is used to embed configuration word within .asm file.
                      00040 ; The lables following the directive are located in the respective .inc file.
                      00041 ; See data sheet for additional information on configuration word settings.
                      00042 
                      00043 ;***** VARIABLE DEFINITIONS (examples)
MPASM  5.51                   16F628ATMPO.ASM   11-12-2018  1:02:10         PAGE  2


LOC  OBJECT CODE     LINE SOURCE TEXT
  VALUE

                      00044 
                      00045 ; example of using Shared Uninitialized Data Section
                      00046 INT_VAR        UDATA_SHR     
0000                  00047 w_temp         RES     1        ; variable used for context saving 
0001                  00048 status_temp    RES     1        ; variable used for context saving
                      00049 
                      00050 
                      00051 ;**********************************************************************
                      00052 RESET_VECTOR    CODE   0x0000     ; processor reset vector
0000   2???           00053         goto    START             ; go to beginning of program
                      00054     
                      00055 INT_VECTOR    CODE    0x0004      ; interrupt vector location
                      00056 
0004                  00057 INTERRUPT
                      00058 
0004   00??           00059         movwf   w_temp            ; save off current W register contents
0005   0803           00060         movf    STATUS,w          ; move status register into W register
0006   00??           00061         movwf   status_temp       ; save off contents of STATUS register
                      00062 
                      00063 
                      00064 ; isr code can go here or be located as a call subroutine elsewhere
                      00065 
                      00066 
0007   08??           00067         movf    status_temp,w     ; retrieve copy of STATUS register
0008   0083           00068         movwf   STATUS            ; restore pre-isr STATUS register contents
0009   0E??           00069         swapf   w_temp,f
000A   0E??           00070         swapf   w_temp,w          ; restore pre-isr W register contents
000B   0009           00071         retfie                    ; return from interrupt
                      00072 
                      00073 MAIN_PROG     CODE
Warning[205]: Found directive in column 1. (CBLOCK)
                      00074 CBLOCK 0X30
  00000030            00075 RETARDO1,RETARDO2,RETARDO3,CONT,DATO,RESUL,SEND_DATA
Warning[205]: Found directive in column 1. (ENDC)
                      00076 ENDC
0000                  00077 START
                      00078 ; remaining code goes here
Warning[203]: Found opcode in column 1. (CLRF)
0000   0185           00079 CLRF PORTA
Warning[205]: Found directive in column 1. (BANKSEL)
0001   1683 1303      00080 BANKSEL TRISA
Warning[203]: Found opcode in column 1. (BCF)
0003   1005           00081 BCF TRISA,0
Warning[203]: Found opcode in column 1. (BCF)
0004   1306           00082 BCF TRISB,6
Warning[205]: Found directive in column 1. (BANKSEL)
0005   1283 1303      00083 BANKSEL CMCON
Warning[203]: Found opcode in column 1. (MOVLW)
0007   3007           00084 MOVLW 0X07
Warning[203]: Found opcode in column 1. (MOVWF)
0008   009F           00085 MOVWF CMCON
Warning[205]: Found directive in column 1. (BANKSEL)
0009   1283 1303      00086 BANKSEL STATUS
MPASM  5.51                   16F628ATMPO.ASM   11-12-2018  1:02:10         PAGE  3


LOC  OBJECT CODE     LINE SOURCE TEXT
  VALUE

Warning[203]: Found opcode in column 1. (BSF)
000B   1706           00087 BSF PORTB,6
Warning[203]: Found opcode in column 1. (MOVLW)
000C   3019           00088 MOVLW D'25'
Warning[203]: Found opcode in column 1. (MOVWF)
000D   00B6           00089 MOVWF SEND_DATA
000E                  00090 INF
Warning[203]: Found opcode in column 1. (BCF)
000E   1005           00091 BCF PORTA,0
Warning[203]: Found opcode in column 1. (MOVLW)
000F   3002           00092 MOVLW D'2'
                      00093 
Warning[203]: Found opcode in column 1. (CALL)
0010   2???           00094 CALL RETARDO
Warning[203]: Found opcode in column 1. (BSF)
0011   1405           00095 BSF PORTA,0
Warning[203]: Found opcode in column 1. (MOVLW)
0012   3002           00096 MOVLW D'2'
Warning[203]: Found opcode in column 1. (CALL)
0013   2???           00097 CALL RETARDO
Warning[203]: Found opcode in column 1. (CALL)
0014   2???           00098 CALL TX
Warning[203]: Found opcode in column 1. (GOTO)
0015   2???           00099 GOTO INF
                      00100 
                      00101 
0016                  00102 RETARDO
0016   00B0           00103                 MOVWF RETARDO1
0017                  00104 LOOP1
0017   3032           00105                 MOVLW D'50'
0018   00B1           00106                 MOVWF RETARDO2
0019                  00107 LOOP2
0019   30A6           00108                 MOVLW D'166'
001A   00B2           00109                 MOVWF RETARDO3
001B                  00110 LOOP3   
Message[305]: Using default destination of 1 (file).
001B   0BB2           00111                 DECFSZ RETARDO3
001C   2???           00112                 GOTO LOOP3
Message[305]: Using default destination of 1 (file).
001D   0BB1           00113                 DECFSZ RETARDO2
001E   2???           00114                 GOTO LOOP2
Message[305]: Using default destination of 1 (file).
001F   0BB0           00115                 DECFSZ RETARDO1
0020   2???           00116                 GOTO LOOP1
0021   0008           00117                 RETURN
                      00118 
0022                  00119 RETARDO_SERIAL
                      00120 
0022   3020           00121                 MOVLW D'32'
0023   00B2           00122                 MOVWF RETARDO3
0024                  00123 LOOP5
Message[305]: Using default destination of 1 (file).
0024   0BB2           00124                 DECFSZ RETARDO3
MPASM  5.51                   16F628ATMPO.ASM   11-12-2018  1:02:10         PAGE  4


LOC  OBJECT CODE     LINE SOURCE TEXT
  VALUE

0025   2???           00125                 GOTO LOOP5
0026   0008           00126                 RETURN
                      00127 
0027                  00128 TX
Warning[203]: Found opcode in column 1. (BSF)
0027   1706           00129 BSF PORTB,6
                      00130 ;BSF PORTA,0
Warning[204]: Found pseudo-op in column 1. (MOVFW)
0028   0836           00131 MOVFW SEND_DATA
Warning[203]: Found opcode in column 1. (MOVWF)
0029   00B4           00132 MOVWF DATO
                      00133 ;BCF PORTA,0
Warning[203]: Found opcode in column 1. (BCF)
002A   1306           00134 BCF PORTB,6
                      00135 ;MOVLW D'20'
Warning[203]: Found opcode in column 1. (CALL)
002B   2???           00136 CALL RETARDO_SERIAL
Warning[203]: Found opcode in column 1. (MOVLW)
002C   3008           00137 MOVLW .8
Warning[203]: Found opcode in column 1. (MOVWF)
002D   00B3           00138 MOVWF CONT
002E                  00139 OTRA
Warning[203]: Found opcode in column 1. (RRF)
002E   0CB4           00140 RRF DATO,1
Warning[203]: Found opcode in column 1. (BTFSS)
002F   1C03           00141 BTFSS STATUS,C
Warning[203]: Found opcode in column 1. (GOTO)
0030   2???           00142 GOTO NO
Warning[203]: Found opcode in column 1. (BSF)
0031   1706           00143 BSF PORTB,6
                      00144 ;BSF PORTA,0
Warning[203]: Found opcode in column 1. (GOTO)
0032   2???           00145 GOTO SI
0033                  00146 NO
Warning[203]: Found opcode in column 1. (BCF)
0033   1306           00147 BCF PORTB,6
                      00148 ;BCF PORTA,0
0034                  00149 SI
                      00150 ;MOVLW D'20'
Warning[203]: Found opcode in column 1. (CALL)
0034   2???           00151 CALL RETARDO_SERIAL
Warning[203]: Found opcode in column 1. (DECFSZ)
Message[305]: Using default destination of 1 (file).
0035   0BB3           00152 DECFSZ CONT
Warning[203]: Found opcode in column 1. (GOTO)
0036   2???           00153 GOTO OTRA 
Warning[203]: Found opcode in column 1. (BSF)
0037   1706           00154 BSF PORTB,6
                      00155 
Warning[203]: Found opcode in column 1. (RETURN)
0038   0008           00156 RETURN
                      00157 
3F10                  00158         END                       ; directive 'end of program'
MPASM  5.51                   16F628ATMPO.ASM   11-12-2018  1:02:10         PAGE  5


SYMBOL TABLE
  LABEL                             VALUE 

ADDEN                             00000003
ADEN                              00000003
BRGH                              00000002
C                                 00000000
C1INV                             00000004
C1OUT                             00000006
C2INV                             00000005
C2OUT                             00000007
CCP1CON                           00000017
CCP1IE                            00000002
CCP1IF                            00000002
CCP1M0                            00000000
CCP1M1                            00000001
CCP1M2                            00000002
CCP1M3                            00000003
CCP1X                             00000005
CCP1Y                             00000004
CCPR1                             00000015
CCPR1H                            00000016
CCPR1L                            00000015
CIS                               00000003
CM0                               00000000
CM1                               00000001
CM2                               00000002
CMCON                             0000001F
CMIE                              00000006
CMIF                              00000006
CONT                              00000033
CREN                              00000004
CSRC                              00000007
DATO                              00000034
DC                                00000001
EEADR                             0000009B
EECON1                            0000009C
EECON2                            0000009D
EEDATA                            0000009A
EEIE                              00000007
EEIF                              00000007
F                                 00000001
FERR                              00000002
FSR                               00000004
GIE                               00000007
INDF                              00000000
INF                               0000000E
INTCON                            0000000B
INTE                              00000004
INTEDG                            00000006
INTERRUPT                         00000004
INTF                              00000001
IRP                               00000007
LOOP1                             00000017
LOOP2                             00000019
LOOP3                             0000001B
MPASM  5.51                   16F628ATMPO.ASM   11-12-2018  1:02:10         PAGE  6


SYMBOL TABLE
  LABEL                             VALUE 

LOOP5                             00000024
NO                                00000033
NOT_BO                            00000000
NOT_BOD                           00000000
NOT_BOR                           00000000
NOT_PD                            00000003
NOT_POR                           00000001
NOT_RBPU                          00000007
NOT_T1SYNC                        00000002
NOT_TO                            00000004
OERR                              00000001
OPTION_REG                        00000081
OSCF                              00000003
OTRA                              0000002E
PCL                               00000002
PCLATH                            0000000A
PCON                              0000008E
PEIE                              00000006
PIE1                              0000008C
PIR1                              0000000C
PORTA                             00000005
PORTB                             00000006
PR2                               00000092
PS0                               00000000
PS1                               00000001
PS2                               00000002
PSA                               00000003
RA0                               00000000
RA1                               00000001
RA2                               00000002
RA3                               00000003
RA4                               00000004
RA5                               00000005
RA6                               00000006
RA7                               00000007
RB0                               00000000
RB1                               00000001
RB2                               00000002
RB3                               00000003
RB4                               00000004
RB5                               00000005
RB6                               00000006
RB7                               00000007
RBIE                              00000003
RBIF                              00000000
RCIE                              00000005
RCIF                              00000005
RCREG                             0000001A
RCSTA                             00000018
RD                                00000000
RESUL                             00000035
RETARDO                           00000016
RETARDO1                          00000030
MPASM  5.51                   16F628ATMPO.ASM   11-12-2018  1:02:10         PAGE  7


SYMBOL TABLE
  LABEL                             VALUE 

RETARDO2                          00000031
RETARDO3                          00000032
RETARDO_SERIAL                    00000022
RP0                               00000005
RP1                               00000006
RX9                               00000006
RX9D                              00000000
SEND_DATA                         00000036
SI                                00000034
SPBRG                             00000099
SPEN                              00000007
SREN                              00000005
START                             00000000
STATUS                            00000003
SYNC                              00000004
T0CS                              00000005
T0IE                              00000005
T0IF                              00000002
T0SE                              00000004
T1CKPS0                           00000004
T1CKPS1                           00000005
T1CON                             00000010
T1OSCEN                           00000003
T2CKPS0                           00000000
T2CKPS1                           00000001
T2CON                             00000012
TMR0                              00000001
TMR0IE                            00000005
TMR0IF                            00000002
TMR1                              0000000E
TMR1CS                            00000001
TMR1H                             0000000F
TMR1IE                            00000000
TMR1IF                            00000000
TMR1L                             0000000E
TMR1ON                            00000000
TMR2                              00000011
TMR2IE                            00000001
TMR2IF                            00000001
TMR2ON                            00000002
TOUTPS0                           00000003
TOUTPS1                           00000004
TOUTPS2                           00000005
TOUTPS3                           00000006
TRISA                             00000085
TRISA0                            00000000
TRISA1                            00000001
TRISA2                            00000002
TRISA3                            00000003
TRISA4                            00000004
TRISA5                            00000005
TRISA6                            00000006
TRISA7                            00000007
MPASM  5.51                   16F628ATMPO.ASM   11-12-2018  1:02:10         PAGE  8


SYMBOL TABLE
  LABEL                             VALUE 

TRISB                             00000086
TRISB0                            00000000
TRISB1                            00000001
TRISB2                            00000002
TRISB3                            00000003
TRISB4                            00000004
TRISB5                            00000005
TRISB6                            00000006
TRISB7                            00000007
TRMT                              00000001
TX                                00000027
TX9                               00000006
TX9D                              00000000
TXEN                              00000005
TXIE                              00000004
TXIF                              00000004
TXREG                             00000019
TXSTA                             00000098
VR0                               00000000
VR1                               00000001
VR2                               00000002
VR3                               00000003
VRCON                             0000009F
VREN                              00000007
VROE                              00000006
VRR                               00000005
W                                 00000000
WR                                00000001
WREN                              00000002
WRERR                             00000003
Z                                 00000002
_BODEN_OFF                        00003FBF
_BODEN_ON                         00003FFF
_BOREN_OFF                        00003FBF
_BOREN_ON                         00003FFF
_CONFIG                           00002007
_CPD_OFF                          00003FFF
_CPD_ON                           00003EFF
_CP_OFF                           00003FFF
_CP_ON                            00001FFF
_DATA_CP_OFF                      00003FFF
_DATA_CP_ON                       00003EFF
_DEVID1                           00002006
_ER_OSC_CLKOUT                    00003FFF
_ER_OSC_NOCLKOUT                  00003FFE
_EXTCLK_OSC                       00003FEF
_FOSC_ECIO                        00003FEF
_FOSC_EXTRCCLK                    00003FFF
_FOSC_EXTRCIO                     00003FFE
_FOSC_HS                          00003FEE
_FOSC_INTOSCCLK                   00003FFD
_FOSC_INTOSCIO                    00003FFC
_FOSC_LP                          00003FEC
MPASM  5.51                   16F628ATMPO.ASM   11-12-2018  1:02:10         PAGE  9


SYMBOL TABLE
  LABEL                             VALUE 

_FOSC_XT                          00003FED
_HS_OSC                           00003FEE
_IDLOC0                           00002000
_IDLOC1                           00002001
_IDLOC2                           00002002
_IDLOC3                           00002003
_INTOSC_OSC_CLKOUT                00003FFD
_INTOSC_OSC_NOCLKOUT              00003FFC
_INTRC_OSC_CLKOUT                 00003FFD
_INTRC_OSC_NOCLKOUT               00003FFC
_LP_OSC                           00003FEC
_LVP_OFF                          00003F7F
_LVP_ON                           00003FFF
_MCLRE_OFF                        00003FDF
_MCLRE_ON                         00003FFF
_PWRTE_OFF                        00003FFF
_PWRTE_ON                         00003FF7
_RC_OSC_CLKOUT                    00003FFF
_RC_OSC_NOCLKOUT                  00003FFE
_WDTE_OFF                         00003FFB
_WDTE_ON                          00003FFF
_WDT_OFF                          00003FFB
_WDT_ON                           00003FFF
_XT_OSC                           00003FED
__16F628A                         00000001
__DEBUG                           1
status_temp                       00000001
w_temp                            00000000

Errors   :     0
Warnings :    39 reported,     0 suppressed
Messages :     5 reported,     2 suppressed

