Warning[205] C:\PROGRAM FILES (X86)\MICROCHIP\MPASM SUITE\TEMPLATE\OBJECT\16F628ATMPO.ASM 74 : Found directive in column 1. (CBLOCK)
Warning[205] C:\PROGRAM FILES (X86)\MICROCHIP\MPASM SUITE\TEMPLATE\OBJECT\16F628ATMPO.ASM 76 : Found directive in column 1. (ENDC)
Warning[203] C:\PROGRAM FILES (X86)\MICROCHIP\MPASM SUITE\TEMPLATE\OBJECT\16F628ATMPO.ASM 79 : Found opcode in column 1. (CLRF)
Warning[205] C:\PROGRAM FILES (X86)\MICROCHIP\MPASM SUITE\TEMPLATE\OBJECT\16F628ATMPO.ASM 80 : Found directive in column 1. (BANKSEL)
Warning[203] C:\PROGRAM FILES (X86)\MICROCHIP\MPASM SUITE\TEMPLATE\OBJECT\16F628ATMPO.ASM 81 : Found opcode in column 1. (BCF)
Warning[203] C:\PROGRAM FILES (X86)\MICROCHIP\MPASM SUITE\TEMPLATE\OBJECT\16F628ATMPO.ASM 82 : Found opcode in column 1. (BCF)
Warning[205] C:\PROGRAM FILES (X86)\MICROCHIP\MPASM SUITE\TEMPLATE\OBJECT\16F628ATMPO.ASM 83 : Found directive in column 1. (BANKSEL)
Warning[203] C:\PROGRAM FILES (X86)\MICROCHIP\MPASM SUITE\TEMPLATE\OBJECT\16F628ATMPO.ASM 84 : Found opcode in column 1. (MOVLW)
Warning[203] C:\PROGRAM FILES (X86)\MICROCHIP\MPASM SUITE\TEMPLATE\OBJECT\16F628ATMPO.ASM 85 : Found opcode in column 1. (MOVWF)
Warning[205] C:\PROGRAM FILES (X86)\MICROCHIP\MPASM SUITE\TEMPLATE\OBJECT\16F628ATMPO.ASM 86 : Found directive in column 1. (BANKSEL)
Warning[203] C:\PROGRAM FILES (X86)\MICROCHIP\MPASM SUITE\TEMPLATE\OBJECT\16F628ATMPO.ASM 87 : Found opcode in column 1. (BSF)
Warning[203] C:\PROGRAM FILES (X86)\MICROCHIP\MPASM SUITE\TEMPLATE\OBJECT\16F628ATMPO.ASM 91 : Found opcode in column 1. (MOVLW)
Warning[203] C:\PROGRAM FILES (X86)\MICROCHIP\MPASM SUITE\TEMPLATE\OBJECT\16F628ATMPO.ASM 92 : Found opcode in column 1. (CALL)
Warning[203] C:\PROGRAM FILES (X86)\MICROCHIP\MPASM SUITE\TEMPLATE\OBJECT\16F628ATMPO.ASM 93 : Found opcode in column 1. (CALL)
Warning[203] C:\PROGRAM FILES (X86)\MICROCHIP\MPASM SUITE\TEMPLATE\OBJECT\16F628ATMPO.ASM 101 : Found opcode in column 1. (MOVLW)
Warning[203] C:\PROGRAM FILES (X86)\MICROCHIP\MPASM SUITE\TEMPLATE\OBJECT\16F628ATMPO.ASM 102 : Found opcode in column 1. (CALL)
Warning[203] C:\PROGRAM FILES (X86)\MICROCHIP\MPASM SUITE\TEMPLATE\OBJECT\16F628ATMPO.ASM 104 : Found opcode in column 1. (MOVLW)
Warning[203] C:\PROGRAM FILES (X86)\MICROCHIP\MPASM SUITE\TEMPLATE\OBJECT\16F628ATMPO.ASM 105 : Found opcode in column 1. (SUBWF)
Warning[203] C:\PROGRAM FILES (X86)\MICROCHIP\MPASM SUITE\TEMPLATE\OBJECT\16F628ATMPO.ASM 106 : Found opcode in column 1. (BTFSC)
Warning[203] C:\PROGRAM FILES (X86)\MICROCHIP\MPASM SUITE\TEMPLATE\OBJECT\16F628ATMPO.ASM 107 : Found opcode in column 1. (CALL)
Warning[203] C:\PROGRAM FILES (X86)\MICROCHIP\MPASM SUITE\TEMPLATE\OBJECT\16F628ATMPO.ASM 108 : Found opcode in column 1. (MOVLW)
Warning[203] C:\PROGRAM FILES (X86)\MICROCHIP\MPASM SUITE\TEMPLATE\OBJECT\16F628ATMPO.ASM 109 : Found opcode in column 1. (SUBWF)
Warning[203] C:\PROGRAM FILES (X86)\MICROCHIP\MPASM SUITE\TEMPLATE\OBJECT\16F628ATMPO.ASM 110 : Found opcode in column 1. (BTFSC)
Warning[203] C:\PROGRAM FILES (X86)\MICROCHIP\MPASM SUITE\TEMPLATE\OBJECT\16F628ATMPO.ASM 111 : Found opcode in column 1. (CALL)
Warning[203] C:\PROGRAM FILES (X86)\MICROCHIP\MPASM SUITE\TEMPLATE\OBJECT\16F628ATMPO.ASM 112 : Found opcode in column 1. (MOVLW)
Warning[203] C:\PROGRAM FILES (X86)\MICROCHIP\MPASM SUITE\TEMPLATE\OBJECT\16F628ATMPO.ASM 113 : Found opcode in column 1. (SUBWF)
Warning[203] C:\PROGRAM FILES (X86)\MICROCHIP\MPASM SUITE\TEMPLATE\OBJECT\16F628ATMPO.ASM 114 : Found opcode in column 1. (BTFSC)
Warning[203] C:\PROGRAM FILES (X86)\MICROCHIP\MPASM SUITE\TEMPLATE\OBJECT\16F628ATMPO.ASM 115 : Found opcode in column 1. (CALL)
Warning[203] C:\PROGRAM FILES (X86)\MICROCHIP\MPASM SUITE\TEMPLATE\OBJECT\16F628ATMPO.ASM 116 : Found opcode in column 1. (GOTO)
Warning[203] C:\PROGRAM FILES (X86)\MICROCHIP\MPASM SUITE\TEMPLATE\OBJECT\16F628ATMPO.ASM 119 : Found opcode in column 1. (MOVLW)
Warning[203] C:\PROGRAM FILES (X86)\MICROCHIP\MPASM SUITE\TEMPLATE\OBJECT\16F628ATMPO.ASM 120 : Found opcode in column 1. (MOVWF)
Warning[204] C:\PROGRAM FILES (X86)\MICROCHIP\MPASM SUITE\TEMPLATE\OBJECT\16F628ATMPO.ASM 122 : Found pseudo-op in column 1. (MOVFW)
Warning[203] C:\PROGRAM FILES (X86)\MICROCHIP\MPASM SUITE\TEMPLATE\OBJECT\16F628ATMPO.ASM 123 : Found opcode in column 1. (CALL)
Warning[203] C:\PROGRAM FILES (X86)\MICROCHIP\MPASM SUITE\TEMPLATE\OBJECT\16F628ATMPO.ASM 124 : Found opcode in column 1. (MOVWF)
Warning[203] C:\PROGRAM FILES (X86)\MICROCHIP\MPASM SUITE\TEMPLATE\OBJECT\16F628ATMPO.ASM 125 : Found opcode in column 1. (CALL)
Warning[203] C:\PROGRAM FILES (X86)\MICROCHIP\MPASM SUITE\TEMPLATE\OBJECT\16F628ATMPO.ASM 126 : Found opcode in column 1. (INCF)
Warning[203] C:\PROGRAM FILES (X86)\MICROCHIP\MPASM SUITE\TEMPLATE\OBJECT\16F628ATMPO.ASM 127 : Found opcode in column 1. (MOVLW)
Warning[203] C:\PROGRAM FILES (X86)\MICROCHIP\MPASM SUITE\TEMPLATE\OBJECT\16F628ATMPO.ASM 128 : Found opcode in column 1. (SUBWF)
Warning[203] C:\PROGRAM FILES (X86)\MICROCHIP\MPASM SUITE\TEMPLATE\OBJECT\16F628ATMPO.ASM 129 : Found opcode in column 1. (BTFSS)
Warning[203] C:\PROGRAM FILES (X86)\MICROCHIP\MPASM SUITE\TEMPLATE\OBJECT\16F628ATMPO.ASM 130 : Found opcode in column 1. (GOTO)
Warning[203] C:\PROGRAM FILES (X86)\MICROCHIP\MPASM SUITE\TEMPLATE\OBJECT\16F628ATMPO.ASM 131 : Found opcode in column 1. (RETURN)
Warning[203] C:\PROGRAM FILES (X86)\MICROCHIP\MPASM SUITE\TEMPLATE\OBJECT\16F628ATMPO.ASM 134 : Found opcode in column 1. (MOVLW)
Warning[203] C:\PROGRAM FILES (X86)\MICROCHIP\MPASM SUITE\TEMPLATE\OBJECT\16F628ATMPO.ASM 135 : Found opcode in column 1. (MOVWF)
Warning[204] C:\PROGRAM FILES (X86)\MICROCHIP\MPASM SUITE\TEMPLATE\OBJECT\16F628ATMPO.ASM 137 : Found pseudo-op in column 1. (MOVFW)
Warning[203] C:\PROGRAM FILES (X86)\MICROCHIP\MPASM SUITE\TEMPLATE\OBJECT\16F628ATMPO.ASM 138 : Found opcode in column 1. (CALL)
Warning[203] C:\PROGRAM FILES (X86)\MICROCHIP\MPASM SUITE\TEMPLATE\OBJECT\16F628ATMPO.ASM 139 : Found opcode in column 1. (MOVWF)
Warning[203] C:\PROGRAM FILES (X86)\MICROCHIP\MPASM SUITE\TEMPLATE\OBJECT\16F628ATMPO.ASM 140 : Found opcode in column 1. (CALL)
Warning[203] C:\PROGRAM FILES (X86)\MICROCHIP\MPASM SUITE\TEMPLATE\OBJECT\16F628ATMPO.ASM 141 : Found opcode in column 1. (INCF)
Warning[203] C:\PROGRAM FILES (X86)\MICROCHIP\MPASM SUITE\TEMPLATE\OBJECT\16F628ATMPO.ASM 142 : Found opcode in column 1. (MOVLW)
Warning[203] C:\PROGRAM FILES (X86)\MICROCHIP\MPASM SUITE\TEMPLATE\OBJECT\16F628ATMPO.ASM 143 : Found opcode in column 1. (SUBWF)
Warning[203] C:\PROGRAM FILES (X86)\MICROCHIP\MPASM SUITE\TEMPLATE\OBJECT\16F628ATMPO.ASM 144 : Found opcode in column 1. (BTFSS)
Warning[203] C:\PROGRAM FILES (X86)\MICROCHIP\MPASM SUITE\TEMPLATE\OBJECT\16F628ATMPO.ASM 145 : Found opcode in column 1. (GOTO)
Warning[203] C:\PROGRAM FILES (X86)\MICROCHIP\MPASM SUITE\TEMPLATE\OBJECT\16F628ATMPO.ASM 146 : Found opcode in column 1. (RETURN)
Warning[203] C:\PROGRAM FILES (X86)\MICROCHIP\MPASM SUITE\TEMPLATE\OBJECT\16F628ATMPO.ASM 149 : Found opcode in column 1. (MOVLW)
Warning[203] C:\PROGRAM FILES (X86)\MICROCHIP\MPASM SUITE\TEMPLATE\OBJECT\16F628ATMPO.ASM 150 : Found opcode in column 1. (MOVWF)
Warning[204] C:\PROGRAM FILES (X86)\MICROCHIP\MPASM SUITE\TEMPLATE\OBJECT\16F628ATMPO.ASM 152 : Found pseudo-op in column 1. (MOVFW)
Warning[203] C:\PROGRAM FILES (X86)\MICROCHIP\MPASM SUITE\TEMPLATE\OBJECT\16F628ATMPO.ASM 153 : Found opcode in column 1. (CALL)
Warning[203] C:\PROGRAM FILES (X86)\MICROCHIP\MPASM SUITE\TEMPLATE\OBJECT\16F628ATMPO.ASM 154 : Found opcode in column 1. (MOVWF)
Warning[203] C:\PROGRAM FILES (X86)\MICROCHIP\MPASM SUITE\TEMPLATE\OBJECT\16F628ATMPO.ASM 155 : Found opcode in column 1. (CALL)
Warning[203] C:\PROGRAM FILES (X86)\MICROCHIP\MPASM SUITE\TEMPLATE\OBJECT\16F628ATMPO.ASM 156 : Found opcode in column 1. (INCF)
Warning[203] C:\PROGRAM FILES (X86)\MICROCHIP\MPASM SUITE\TEMPLATE\OBJECT\16F628ATMPO.ASM 157 : Found opcode in column 1. (MOVLW)
Warning[203] C:\PROGRAM FILES (X86)\MICROCHIP\MPASM SUITE\TEMPLATE\OBJECT\16F628ATMPO.ASM 158 : Found opcode in column 1. (SUBWF)
Warning[203] C:\PROGRAM FILES (X86)\MICROCHIP\MPASM SUITE\TEMPLATE\OBJECT\16F628ATMPO.ASM 159 : Found opcode in column 1. (BTFSS)
Warning[203] C:\PROGRAM FILES (X86)\MICROCHIP\MPASM SUITE\TEMPLATE\OBJECT\16F628ATMPO.ASM 160 : Found opcode in column 1. (GOTO)
Warning[203] C:\PROGRAM FILES (X86)\MICROCHIP\MPASM SUITE\TEMPLATE\OBJECT\16F628ATMPO.ASM 161 : Found opcode in column 1. (RETURN)
Warning[203] C:\PROGRAM FILES (X86)\MICROCHIP\MPASM SUITE\TEMPLATE\OBJECT\16F628ATMPO.ASM 164 : Found opcode in column 1. (ADDWF)
Message[305] C:\PROGRAM FILES (X86)\MICROCHIP\MPASM SUITE\TEMPLATE\OBJECT\16F628ATMPO.ASM 164 : Using default destination of 1 (file).
Warning[203] C:\PROGRAM FILES (X86)\MICROCHIP\MPASM SUITE\TEMPLATE\OBJECT\16F628ATMPO.ASM 165 : Found opcode in column 1. (RETLW)
Warning[203] C:\PROGRAM FILES (X86)\MICROCHIP\MPASM SUITE\TEMPLATE\OBJECT\16F628ATMPO.ASM 166 : Found opcode in column 1. (RETLW)
Warning[203] C:\PROGRAM FILES (X86)\MICROCHIP\MPASM SUITE\TEMPLATE\OBJECT\16F628ATMPO.ASM 167 : Found opcode in column 1. (RETLW)
Warning[203] C:\PROGRAM FILES (X86)\MICROCHIP\MPASM SUITE\TEMPLATE\OBJECT\16F628ATMPO.ASM 168 : Found opcode in column 1. (RETLW)
Warning[203] C:\PROGRAM FILES (X86)\MICROCHIP\MPASM SUITE\TEMPLATE\OBJECT\16F628ATMPO.ASM 169 : Found opcode in column 1. (RETLW)
Warning[203] C:\PROGRAM FILES (X86)\MICROCHIP\MPASM SUITE\TEMPLATE\OBJECT\16F628ATMPO.ASM 170 : Found opcode in column 1. (RETLW)
Warning[203] C:\PROGRAM FILES (X86)\MICROCHIP\MPASM SUITE\TEMPLATE\OBJECT\16F628ATMPO.ASM 171 : Found opcode in column 1. (RETLW)
Warning[203] C:\PROGRAM FILES (X86)\MICROCHIP\MPASM SUITE\TEMPLATE\OBJECT\16F628ATMPO.ASM 172 : Found opcode in column 1. (RETLW)
Warning[203] C:\PROGRAM FILES (X86)\MICROCHIP\MPASM SUITE\TEMPLATE\OBJECT\16F628ATMPO.ASM 173 : Found opcode in column 1. (RETLW)
Warning[203] C:\PROGRAM FILES (X86)\MICROCHIP\MPASM SUITE\TEMPLATE\OBJECT\16F628ATMPO.ASM 174 : Found opcode in column 1. (RETLW)
Warning[203] C:\PROGRAM FILES (X86)\MICROCHIP\MPASM SUITE\TEMPLATE\OBJECT\16F628ATMPO.ASM 175 : Found opcode in column 1. (RETLW)
Warning[203] C:\PROGRAM FILES (X86)\MICROCHIP\MPASM SUITE\TEMPLATE\OBJECT\16F628ATMPO.ASM 176 : Found opcode in column 1. (RETLW)
Warning[203] C:\PROGRAM FILES (X86)\MICROCHIP\MPASM SUITE\TEMPLATE\OBJECT\16F628ATMPO.ASM 177 : Found opcode in column 1. (RETLW)
Warning[203] C:\PROGRAM FILES (X86)\MICROCHIP\MPASM SUITE\TEMPLATE\OBJECT\16F628ATMPO.ASM 178 : Found opcode in column 1. (RETURN)
Warning[203] C:\PROGRAM FILES (X86)\MICROCHIP\MPASM SUITE\TEMPLATE\OBJECT\16F628ATMPO.ASM 181 : Found opcode in column 1. (ADDWF)
Message[305] C:\PROGRAM FILES (X86)\MICROCHIP\MPASM SUITE\TEMPLATE\OBJECT\16F628ATMPO.ASM 181 : Using default destination of 1 (file).
Warning[203] C:\PROGRAM FILES (X86)\MICROCHIP\MPASM SUITE\TEMPLATE\OBJECT\16F628ATMPO.ASM 182 : Found opcode in column 1. (RETLW)
Warning[203] C:\PROGRAM FILES (X86)\MICROCHIP\MPASM SUITE\TEMPLATE\OBJECT\16F628ATMPO.ASM 183 : Found opcode in column 1. (RETLW)
Warning[203] C:\PROGRAM FILES (X86)\MICROCHIP\MPASM SUITE\TEMPLATE\OBJECT\16F628ATMPO.ASM 184 : Found opcode in column 1. (RETURN)
Warning[203] C:\PROGRAM FILES (X86)\MICROCHIP\MPASM SUITE\TEMPLATE\OBJECT\16F628ATMPO.ASM 187 : Found opcode in column 1. (ADDWF)
Message[305] C:\PROGRAM FILES (X86)\MICROCHIP\MPASM SUITE\TEMPLATE\OBJECT\16F628ATMPO.ASM 187 : Using default destination of 1 (file).
Warning[203] C:\PROGRAM FILES (X86)\MICROCHIP\MPASM SUITE\TEMPLATE\OBJECT\16F628ATMPO.ASM 188 : Found opcode in column 1. (RETLW)
Warning[203] C:\PROGRAM FILES (X86)\MICROCHIP\MPASM SUITE\TEMPLATE\OBJECT\16F628ATMPO.ASM 189 : Found opcode in column 1. (RETLW)
Warning[203] C:\PROGRAM FILES (X86)\MICROCHIP\MPASM SUITE\TEMPLATE\OBJECT\16F628ATMPO.ASM 190 : Found opcode in column 1. (RETLW)
Warning[203] C:\PROGRAM FILES (X86)\MICROCHIP\MPASM SUITE\TEMPLATE\OBJECT\16F628ATMPO.ASM 191 : Found opcode in column 1. (RETLW)
Warning[203] C:\PROGRAM FILES (X86)\MICROCHIP\MPASM SUITE\TEMPLATE\OBJECT\16F628ATMPO.ASM 192 : Found opcode in column 1. (RETLW)
Warning[203] C:\PROGRAM FILES (X86)\MICROCHIP\MPASM SUITE\TEMPLATE\OBJECT\16F628ATMPO.ASM 193 : Found opcode in column 1. (RETLW)
Warning[203] C:\PROGRAM FILES (X86)\MICROCHIP\MPASM SUITE\TEMPLATE\OBJECT\16F628ATMPO.ASM 194 : Found opcode in column 1. (RETLW)
Warning[203] C:\PROGRAM FILES (X86)\MICROCHIP\MPASM SUITE\TEMPLATE\OBJECT\16F628ATMPO.ASM 195 : Found opcode in column 1. (RETLW)
Warning[203] C:\PROGRAM FILES (X86)\MICROCHIP\MPASM SUITE\TEMPLATE\OBJECT\16F628ATMPO.ASM 196 : Found opcode in column 1. (RETLW)
Warning[203] C:\PROGRAM FILES (X86)\MICROCHIP\MPASM SUITE\TEMPLATE\OBJECT\16F628ATMPO.ASM 197 : Found opcode in column 1. (RETLW)
Warning[203] C:\PROGRAM FILES (X86)\MICROCHIP\MPASM SUITE\TEMPLATE\OBJECT\16F628ATMPO.ASM 198 : Found opcode in column 1. (RETLW)
Warning[203] C:\PROGRAM FILES (X86)\MICROCHIP\MPASM SUITE\TEMPLATE\OBJECT\16F628ATMPO.ASM 199 : Found opcode in column 1. (RETLW)
Warning[203] C:\PROGRAM FILES (X86)\MICROCHIP\MPASM SUITE\TEMPLATE\OBJECT\16F628ATMPO.ASM 200 : Found opcode in column 1. (RETLW)
Warning[203] C:\PROGRAM FILES (X86)\MICROCHIP\MPASM SUITE\TEMPLATE\OBJECT\16F628ATMPO.ASM 201 : Found opcode in column 1. (RETLW)
Warning[203] C:\PROGRAM FILES (X86)\MICROCHIP\MPASM SUITE\TEMPLATE\OBJECT\16F628ATMPO.ASM 202 : Found opcode in column 1. (RETLW)
Warning[203] C:\PROGRAM FILES (X86)\MICROCHIP\MPASM SUITE\TEMPLATE\OBJECT\16F628ATMPO.ASM 203 : Found opcode in column 1. (RETLW)
Warning[203] C:\PROGRAM FILES (X86)\MICROCHIP\MPASM SUITE\TEMPLATE\OBJECT\16F628ATMPO.ASM 204 : Found opcode in column 1. (RETLW)
Warning[203] C:\PROGRAM FILES (X86)\MICROCHIP\MPASM SUITE\TEMPLATE\OBJECT\16F628ATMPO.ASM 205 : Found opcode in column 1. (RETURN)
Warning[203] C:\PROGRAM FILES (X86)\MICROCHIP\MPASM SUITE\TEMPLATE\OBJECT\16F628ATMPO.ASM 209 : Found opcode in column 1. (BSF)
Warning[203] C:\PROGRAM FILES (X86)\MICROCHIP\MPASM SUITE\TEMPLATE\OBJECT\16F628ATMPO.ASM 210 : Found opcode in column 1. (BSF)
Warning[204] C:\PROGRAM FILES (X86)\MICROCHIP\MPASM SUITE\TEMPLATE\OBJECT\16F628ATMPO.ASM 211 : Found pseudo-op in column 1. (MOVFW)
Warning[203] C:\PROGRAM FILES (X86)\MICROCHIP\MPASM SUITE\TEMPLATE\OBJECT\16F628ATMPO.ASM 212 : Found opcode in column 1. (MOVWF)
Warning[203] C:\PROGRAM FILES (X86)\MICROCHIP\MPASM SUITE\TEMPLATE\OBJECT\16F628ATMPO.ASM 213 : Found opcode in column 1. (BCF)
Warning[203] C:\PROGRAM FILES (X86)\MICROCHIP\MPASM SUITE\TEMPLATE\OBJECT\16F628ATMPO.ASM 214 : Found opcode in column 1. (BCF)
Warning[203] C:\PROGRAM FILES (X86)\MICROCHIP\MPASM SUITE\TEMPLATE\OBJECT\16F628ATMPO.ASM 215 : Found opcode in column 1. (CALL)
Warning[203] C:\PROGRAM FILES (X86)\MICROCHIP\MPASM SUITE\TEMPLATE\OBJECT\16F628ATMPO.ASM 216 : Found opcode in column 1. (MOVLW)
Warning[203] C:\PROGRAM FILES (X86)\MICROCHIP\MPASM SUITE\TEMPLATE\OBJECT\16F628ATMPO.ASM 217 : Found opcode in column 1. (MOVWF)
Warning[203] C:\PROGRAM FILES (X86)\MICROCHIP\MPASM SUITE\TEMPLATE\OBJECT\16F628ATMPO.ASM 219 : Found opcode in column 1. (RRF)
Warning[203] C:\PROGRAM FILES (X86)\MICROCHIP\MPASM SUITE\TEMPLATE\OBJECT\16F628ATMPO.ASM 220 : Found opcode in column 1. (BTFSS)
Warning[203] C:\PROGRAM FILES (X86)\MICROCHIP\MPASM SUITE\TEMPLATE\OBJECT\16F628ATMPO.ASM 221 : Found opcode in column 1. (GOTO)
Warning[203] C:\PROGRAM FILES (X86)\MICROCHIP\MPASM SUITE\TEMPLATE\OBJECT\16F628ATMPO.ASM 222 : Found opcode in column 1. (BSF)
Warning[203] C:\PROGRAM FILES (X86)\MICROCHIP\MPASM SUITE\TEMPLATE\OBJECT\16F628ATMPO.ASM 223 : Found opcode in column 1. (BSF)
Warning[203] C:\PROGRAM FILES (X86)\MICROCHIP\MPASM SUITE\TEMPLATE\OBJECT\16F628ATMPO.ASM 224 : Found opcode in column 1. (GOTO)
Warning[203] C:\PROGRAM FILES (X86)\MICROCHIP\MPASM SUITE\TEMPLATE\OBJECT\16F628ATMPO.ASM 226 : Found opcode in column 1. (BCF)
Warning[203] C:\PROGRAM FILES (X86)\MICROCHIP\MPASM SUITE\TEMPLATE\OBJECT\16F628ATMPO.ASM 227 : Found opcode in column 1. (BCF)
Warning[203] C:\PROGRAM FILES (X86)\MICROCHIP\MPASM SUITE\TEMPLATE\OBJECT\16F628ATMPO.ASM 229 : Found opcode in column 1. (CALL)
Warning[203] C:\PROGRAM FILES (X86)\MICROCHIP\MPASM SUITE\TEMPLATE\OBJECT\16F628ATMPO.ASM 230 : Found opcode in column 1. (DECFSZ)
Message[305] C:\PROGRAM FILES (X86)\MICROCHIP\MPASM SUITE\TEMPLATE\OBJECT\16F628ATMPO.ASM 230 : Using default destination of 1 (file).
Warning[203] C:\PROGRAM FILES (X86)\MICROCHIP\MPASM SUITE\TEMPLATE\OBJECT\16F628ATMPO.ASM 231 : Found opcode in column 1. (GOTO)
Warning[203] C:\PROGRAM FILES (X86)\MICROCHIP\MPASM SUITE\TEMPLATE\OBJECT\16F628ATMPO.ASM 232 : Found opcode in column 1. (BSF)
Warning[203] C:\PROGRAM FILES (X86)\MICROCHIP\MPASM SUITE\TEMPLATE\OBJECT\16F628ATMPO.ASM 233 : Found opcode in column 1. (RETURN)
Warning[203] C:\PROGRAM FILES (X86)\MICROCHIP\MPASM SUITE\TEMPLATE\OBJECT\16F628ATMPO.ASM 237 : Found opcode in column 1. (BTFSC)
Warning[203] C:\PROGRAM FILES (X86)\MICROCHIP\MPASM SUITE\TEMPLATE\OBJECT\16F628ATMPO.ASM 238 : Found opcode in column 1. (GOTO)
Warning[203] C:\PROGRAM FILES (X86)\MICROCHIP\MPASM SUITE\TEMPLATE\OBJECT\16F628ATMPO.ASM 239 : Found opcode in column 1. (CALL)
Warning[203] C:\PROGRAM FILES (X86)\MICROCHIP\MPASM SUITE\TEMPLATE\OBJECT\16F628ATMPO.ASM 240 : Found opcode in column 1. (MOVLW)
Warning[203] C:\PROGRAM FILES (X86)\MICROCHIP\MPASM SUITE\TEMPLATE\OBJECT\16F628ATMPO.ASM 241 : Found opcode in column 1. (MOVWF)
Warning[203] C:\PROGRAM FILES (X86)\MICROCHIP\MPASM SUITE\TEMPLATE\OBJECT\16F628ATMPO.ASM 243 : Found opcode in column 1. (RLF)
Warning[203] C:\PROGRAM FILES (X86)\MICROCHIP\MPASM SUITE\TEMPLATE\OBJECT\16F628ATMPO.ASM 244 : Found opcode in column 1. (RRF)
Warning[203] C:\PROGRAM FILES (X86)\MICROCHIP\MPASM SUITE\TEMPLATE\OBJECT\16F628ATMPO.ASM 245 : Found opcode in column 1. (CALL)
Warning[203] C:\PROGRAM FILES (X86)\MICROCHIP\MPASM SUITE\TEMPLATE\OBJECT\16F628ATMPO.ASM 246 : Found opcode in column 1. (DECFSZ)
Message[305] C:\PROGRAM FILES (X86)\MICROCHIP\MPASM SUITE\TEMPLATE\OBJECT\16F628ATMPO.ASM 246 : Using default destination of 1 (file).
Warning[203] C:\PROGRAM FILES (X86)\MICROCHIP\MPASM SUITE\TEMPLATE\OBJECT\16F628ATMPO.ASM 247 : Found opcode in column 1. (GOTO)
Warning[203] C:\PROGRAM FILES (X86)\MICROCHIP\MPASM SUITE\TEMPLATE\OBJECT\16F628ATMPO.ASM 248 : Found opcode in column 1. (RETURN)
Message[305] C:\PROGRAM FILES (X86)\MICROCHIP\MPASM SUITE\TEMPLATE\OBJECT\16F628ATMPO.ASM 260 : Using default destination of 1 (file).
Message[305] C:\PROGRAM FILES (X86)\MICROCHIP\MPASM SUITE\TEMPLATE\OBJECT\16F628ATMPO.ASM 262 : Using default destination of 1 (file).
Message[305] C:\PROGRAM FILES (X86)\MICROCHIP\MPASM SUITE\TEMPLATE\OBJECT\16F628ATMPO.ASM 264 : Using default destination of 1 (file).
Message[305] C:\PROGRAM FILES (X86)\MICROCHIP\MPASM SUITE\TEMPLATE\OBJECT\16F628ATMPO.ASM 273 : Using default destination of 1 (file).
Message[305] C:\PROGRAM FILES (X86)\MICROCHIP\MPASM SUITE\TEMPLATE\OBJECT\16F628ATMPO.ASM 282 : Using default destination of 1 (file).
