
ROM used: 11 (2%)
          11 (2%) including unused fragments

          0 Average locations per line
          3 Average locations per statement

RAM used: 3 (12%) at main() level
          3 (12%) worst case

Stack used: 0 worst case (out of 2 total available)

Lines Stmts  %   Files
----- ----- ---  -----
   12     4 100  prueba1.c
  112     0   0  ..\..\..\..\..\Program Files (x86)\PICC\devices\12f508.h
----- -----
  124     4 Total

Page ROM  %  RAM   Vol Diff  Functions:
---- --- --- ---   --- ----  ----------
0     11 100   0    50  1.8  main

Program metrics:
    Functions               1
    Statements              4
    Comments                30
    Volume (V)              50
    Difficilty (D)          1.8
    Effort to implement (E) 90
    Time to implement (T)   0 minutes
    Est Delivered Bugs (B)  0
    Cyclomatic Complexity   1
    Maintainability (MI)    168

 Segment     Used  Free
-----------  ----  ----
00000-001FF    11  500  



