MPASM  5.51                    12F508TMPO.ASM   10-28-2018  23:26:40         PAGE  1


LOC  OBJECT CODE     LINE SOURCE TEXT
  VALUE

                      00001 ;**********************************************************************
                      00002 ;   This file is a basic code template for object module code         *
                      00003 ;   generation on the PIC12F508. This file contains the               *
                      00004 ;   basic code building blocks to build upon.                         *
                      00005 ;                                                                     *
                      00006 ;   Refer to the MPASM User's Guide for additional information on     *
                      00007 ;   features of the assembler and linker.                             *
                      00008 ;                                                                     *
                      00009 ;   Refer to the respective PIC data sheet for additional             *
                      00010 ;   information on the instruction set.                               *
                      00011 ;                                                                     *
                      00012 ;**********************************************************************
                      00013 ;                                                                     *
                      00014 ;    Filename:      xxx.asm                                           *
                      00015 ;    Date:                                                            *
                      00016 ;    File Version:                                                    *
                      00017 ;                                                                     *
                      00018 ;    Author:                                                          *
                      00019 ;    Company:                                                         *
                      00020 ;                                                                     * 
                      00021 ;                                                                     *
                      00022 ;**********************************************************************
                      00023 ;                                                                     *
                      00024 ;    Files required: P12F508.INC                                      *
                      00025 ;                                                                     *
                      00026 ;                                                                     *
                      00027 ;                                                                     *
                      00028 ;**********************************************************************
                      00029 ;                                                                     *
                      00030 ;    Notes:                                                           *
                      00031 ;                                                                     *
                      00032 ;                                                                     *
                      00033 ;                                                                     *
                      00034 ;                                                                     *
                      00035 ;**********************************************************************
                      00036 
                      00037     list      p=12F508            ; list directive to define processor
                      00038     #include <p12F508.inc>        ; processor specific variable definitions
                      00001         LIST
                      00002 
                      00003 ;==========================================================================
                      00004 ;  MPASM PIC12F508 processor include
                      00005 ; 
                      00006 ;  (c) Copyright 1999-2013 Microchip Technology, All rights reserved
                      00007 ;==========================================================================
                      00008 
                      00157         LIST
                      00039 
0FFF   0FEA           00040     __CONFIG   _MCLRE_OFF & _CP_OFF & _WDT_OFF & _IntRC_OSC
                      00041 
                      00042 ; '__CONFIG' directive is used to embed configuration word within .asm file.
                      00043 ; The lables following the directive are located in the respective .inc file. 
                      00044 ; See respective data sheet for additional information on configuration word.
MPASM  5.51                    12F508TMPO.ASM   10-28-2018  23:26:40         PAGE  2


LOC  OBJECT CODE     LINE SOURCE TEXT
  VALUE

                      00045 
                      00046 
                      00047 
                      00048 
                      00049 
                      00050 
                      00051 ;**********************************************************************
                      00052 RCCAL    CODE   0x1FF      ; processor reset vector
01FF   0FFF           00053         res 1
                      00054 ; Internal RC calibration value is placed at location 0x1FF by Microchip
                      00055 ; as a movlw k, where the k is a literal value.
                      00056     
                      00057 MAIN    CODE    0x000
0000   0025           00058     movwf   OSCCAL            ; update register with factory cal value 
                      00059 
                      00060 
0001                  00061 start   
Warning[203]: Found opcode in column 1. (MOVLW)
0001   0C09           00062 MOVLW b'1001'
Warning[203]: Found opcode in column 1. (TRIS)
0002   0006           00063 TRIS GPIO
Warning[203]: Found opcode in column 1. (MOVLW)
0003   0C06           00064 MOVLW b'0110'
Warning[203]: Found opcode in column 1. (MOVWF)
0004   0026           00065 MOVWF GPIO
                      00066 
Warning[203]: Found opcode in column 1. (GOTO)
0005   0A??           00067 GOTO $
                      00068 
                      00069 
                      00070 
                      00071 
                      00072 
                      00073 
0FEA                  00074     END                       ; directive 'end of program'
MPASM  5.51                    12F508TMPO.ASM   10-28-2018  23:26:40         PAGE  3


SYMBOL TABLE
  LABEL                             VALUE 

C                                 00000000
CAL0                              00000001
CAL1                              00000002
CAL2                              00000003
CAL3                              00000004
CAL4                              00000005
CAL5                              00000006
CAL6                              00000007
DC                                00000001
F                                 00000001
FSR                               00000004
GP0                               00000000
GP1                               00000001
GP2                               00000002
GP3                               00000003
GP4                               00000004
GP5                               00000005
GPIO                              00000006
GPWUF                             00000007
INDF                              00000000
NOT_GPPU                          00000006
NOT_GPWU                          00000007
NOT_PD                            00000003
NOT_TO                            00000004
OSCCAL                            00000005
PA0                               00000005
PCL                               00000002
PS0                               00000000
PS1                               00000001
PS2                               00000002
PSA                               00000003
STATUS                            00000003
T0CS                              00000005
T0SE                              00000004
TMR0                              00000001
TRISIO0                           00000000
TRISIO1                           00000001
TRISIO2                           00000002
TRISIO3                           00000003
TRISIO4                           00000004
TRISIO5                           00000005
W                                 00000000
Z                                 00000002
_CONFIG                           00000FFF
_CP_OFF                           00000FFF
_CP_ON                            00000FF7
_ExtRC_OSC                        00000FFF
_IDLOC0                           00000200
_IDLOC1                           00000201
_IDLOC2                           00000202
_IDLOC3                           00000203
_IntRC_OSC                        00000FFE
_LP_OSC                           00000FFC
MPASM  5.51                    12F508TMPO.ASM   10-28-2018  23:26:40         PAGE  4


SYMBOL TABLE
  LABEL                             VALUE 

_MAIN_0005                        00000005
_MCLRE_OFF                        00000FEF
_MCLRE_ON                         00000FFF
_OSC_ExtRC                        00000FFF
_OSC_IntRC                        00000FFE
_OSC_LP                           00000FFC
_OSC_XT                           00000FFD
_WDT_OFF                          00000FFB
_WDT_ON                           00000FFF
_XT_OSC                           00000FFD
__12F508                          00000001
__DEBUG                           1
start                             00000001

Errors   :     0
Warnings :     5 reported,     0 suppressed
Messages :     0 reported,     0 suppressed

